codArt pasado: ALM03
Conexion exitosa!
Preparacion exitosa!
Binding exitoso!
Ejecucion exitosa!2022-06-21 17-50 
codArt pasado: ALM03
Conexion exitosa!
Preparacion exitosa!
Binding exitoso!
Ejecucion exitosa!2022-06-21 17-51 
codArt pasado: ALM03
Conexion exitosa!
Preparacion exitosa!
Binding exitoso!
Ejecucion exitosa!2022-06-21 17-51 
codArt pasado: ALM02
Conexion exitosa!
Preparacion exitosa!
Binding exitoso!
Ejecucion exitosa!2022-06-21 18-42 
codArt pasado: ALM02
Conexion exitosa!
Preparacion exitosa!
Binding exitoso!
Ejecucion exitosa!2022-06-21 18-43 
codArt pasado: ALM02
Conexion exitosa!
Preparacion exitosa!
Binding exitoso!
Ejecucion exitosa!2022-06-21 18-44 
codArt pasado: ALM02
Conexion exitosa!
Preparacion exitosa!
Binding exitoso!
Ejecucion exitosa!2022-06-21 18-46 
codArt pasado: ALM02
Conexion exitosa!
Preparacion exitosa!
Binding exitoso!
Ejecucion exitosa!2022-07-14 20-40 
codArt pasado: ALM03
Conexion exitosa!
Preparacion exitosa!
Binding exitoso!
Ejecucion exitosa!2023-06-23 17-16 
codArt pasado: ALM03
Conexion exitosa!
Preparacion exitosa!
Binding exitoso!
Ejecucion exitosa!2023-09-20 15-48 
codArt pasado: ALM03
Conexion exitosa!
Preparacion exitosa!
Binding exitoso!
Ejecucion exitosa!2023-09-20 15-58 
codArt pasado: ALM03
Conexion exitosa!
Preparacion exitosa!
Binding exitoso!
Ejecucion exitosa!2023-10-17 17-32 
codArt pasado: ALM03
Conexion exitosa!
Preparacion exitosa!
Binding exitoso!
Ejecucion exitosa!2023-10-17 19-55 
